2025-10-24T06:23:52: 
> my-v0-project@0.1.0 start
> next start -p 3022

2025-10-24T06:23:52: 2025-10-24T06:23:52: 2025-10-24T06:23:53: 
> my-v0-project@0.1.0 start
> next start -p 3022

2025-10-24T06:23:53: 2025-10-24T06:23:53: 2025-10-24T06:23:53: 2025-10-24T06:23:53: 
> my-v0-project@0.1.0 start
> next start -p 3022

2025-10-24T06:23:53: 2025-10-24T06:23:53: 2025-10-24T06:23:53: 2025-10-24T06:23:53: 
> my-v0-project@0.1.0 start
> next start -p 3022

2025-10-24T06:23:54: 2025-10-24T06:23:54: 2025-10-24T06:23:54: 2025-10-24T06:23:54: 
> my-v0-project@0.1.0 start
> next start -p 3022

2025-10-24T06:23:54: 2025-10-24T06:23:54: 2025-10-24T06:23:54: 2025-10-24T06:23:54: 
> my-v0-project@0.1.0 start
> next start -p 3022

2025-10-24T06:23:54: 2025-10-24T06:23:54: 2025-10-24T06:23:54: 2025-10-24T06:23:55: 
> my-v0-project@0.1.0 start
> next start -p 3022

2025-10-24T06:23:55: 2025-10-24T06:23:55: 2025-10-24T06:23:55: 2025-10-24T06:23:55: 
> my-v0-project@0.1.0 start
> next start -p 3022

2025-10-24T06:23:55: 2025-10-24T06:23:55: 2025-10-24T06:23:55: 2025-10-24T06:23:56: 
> my-v0-project@0.1.0 start
> next start -p 3022

2025-10-24T06:23:56: 2025-10-24T06:23:56: 2025-10-24T06:23:56: 
> my-v0-project@0.1.0 start
> next start -p 3022

2025-10-24T06:23:56: 2025-10-24T06:23:56: 2025-10-24T06:23:56: 2025-10-24T06:23:56: 
> my-v0-project@0.1.0 start
> next start -p 3022

2025-10-24T06:23:57: 2025-10-24T06:23:57: 2025-10-24T06:23:57: 2025-10-24T06:23:57: 
> my-v0-project@0.1.0 start
> next start -p 3022

2025-10-24T06:23:57: 2025-10-24T06:23:57: 2025-10-24T06:23:57: 2025-10-24T06:23:57: 
> my-v0-project@0.1.0 start
> next start -p 3022

2025-10-24T06:23:57: 2025-10-24T06:23:57: 2025-10-24T06:23:57: 2025-10-24T06:23:58: 
> my-v0-project@0.1.0 start
> next start -p 3022

2025-10-24T06:23:58: 2025-10-24T06:23:58: 2025-10-24T06:23:58: 
> my-v0-project@0.1.0 start
> next start -p 3022

2025-10-24T06:23:58: 2025-10-24T06:23:58: 2025-10-24T06:23:58: 2025-10-24T06:23:58: 
> my-v0-project@0.1.0 start
> next start -p 3022

2025-10-24T06:23:59: 2025-10-24T06:23:59: 2025-10-24T06:23:59: 