2025-10-28T11:27:41: 
> my-v0-project@0.1.0 start
> next start -p 3022

2025-10-28T11:27:41: 2025-10-28T11:27:41: 2025-10-28T11:27:41: 2025-10-28T11:27:41: 
> my-v0-project@0.1.0 start
> next start -p 3022

2025-10-28T11:27:42: 2025-10-28T11:27:42: 2025-10-28T11:27:42: 
> my-v0-project@0.1.0 start
> next start -p 3022

2025-10-28T11:27:42: 2025-10-28T11:27:42: 2025-10-28T11:27:42: 2025-10-28T11:27:42: 
> my-v0-project@0.1.0 start
> next start -p 3022

2025-10-28T11:27:42: 2025-10-28T11:27:42: 2025-10-28T11:27:42: 2025-10-28T11:27:42: 
> my-v0-project@0.1.0 start
> next start -p 3022

2025-10-28T11:27:43: 2025-10-28T11:27:43: 2025-10-28T11:27:43: 2025-10-28T11:27:43: 
> my-v0-project@0.1.0 start
> next start -p 3022

2025-10-28T11:27:43: 2025-10-28T11:27:43: 2025-10-28T11:27:43: 2025-10-28T11:27:43: 
> my-v0-project@0.1.0 start
> next start -p 3022

2025-10-28T11:27:43: 2025-10-28T11:27:43: 2025-10-28T11:27:43: 2025-10-28T11:27:44: 
> my-v0-project@0.1.0 start
> next start -p 3022

2025-10-28T11:27:44: 2025-10-28T11:27:44: 2025-10-28T11:27:44: 2025-10-28T11:27:44: 
> my-v0-project@0.1.0 start
> next start -p 3022

2025-10-28T11:27:44: 2025-10-28T11:27:44: 2025-10-28T11:27:44: 2025-10-28T11:27:44: 
> my-v0-project@0.1.0 start
> next start -p 3022

2025-10-28T11:27:44: 2025-10-28T11:27:44: 2025-10-28T11:27:44: 2025-10-28T11:27:45: 
> my-v0-project@0.1.0 start
> next start -p 3022

2025-10-28T11:27:45: 2025-10-28T11:27:45: 2025-10-28T11:27:45: 2025-10-28T11:27:45: 
> my-v0-project@0.1.0 start
> next start -p 3022

2025-10-28T11:27:45: 2025-10-28T11:27:45: 2025-10-28T11:27:45: 2025-10-28T11:27:45: 
> my-v0-project@0.1.0 start
> next start -p 3022

2025-10-28T11:27:46: 2025-10-28T11:27:46: 2025-10-28T11:27:46: 2025-10-28T11:27:46: 
> my-v0-project@0.1.0 start
> next start -p 3022

2025-10-28T11:27:46: 2025-10-28T11:27:46: 2025-10-28T11:27:46: 2025-10-28T11:27:46: 
> my-v0-project@0.1.0 start
> next start -p 3022

2025-10-28T11:27:46: 2025-10-28T11:27:46: 2025-10-28T11:27:46: 2025-10-28T11:27:47: 
> my-v0-project@0.1.0 start
> next start -p 3022

2025-10-28T11:27:47: 2025-10-28T11:27:47: 2025-10-28T11:27:47: 2025-10-28T11:32:00: 
> my-v0-project@0.1.0 start
> next start -p 3022

2025-10-28T11:32:02: 2025-10-28T11:32:02: 2025-10-28T11:32:03: 
> my-v0-project@0.1.0 start
> next start -p 3022

2025-10-28T11:32:04: 2025-10-28T11:32:04: 2025-10-28T11:32:04: 2025-10-28T11:32:05: 
> my-v0-project@0.1.0 start
> next start -p 3022

2025-10-28T11:32:05: 2025-10-28T11:32:05: 2025-10-28T11:32:05: 2025-10-28T11:32:06: 
> my-v0-project@0.1.0 start
> next start -p 3022

2025-10-28T11:32:06: 2025-10-28T11:32:06: 2025-10-28T11:32:06: 2025-10-28T11:32:07: 
> my-v0-project@0.1.0 start
> next start -p 3022

2025-10-28T11:32:07: 2025-10-28T11:32:07: 2025-10-28T11:32:07: 2025-10-28T11:32:07: 
> my-v0-project@0.1.0 start
> next start -p 3022

2025-10-28T11:32:07: 2025-10-28T11:32:07: 2025-10-28T11:32:07: 2025-10-28T11:32:08: 
> my-v0-project@0.1.0 start
> next start -p 3022

2025-10-28T11:32:08: 2025-10-28T11:32:08: 2025-10-28T11:32:08: 2025-10-28T11:32:08: 
> my-v0-project@0.1.0 start
> next start -p 3022

2025-10-28T11:32:08: 2025-10-28T11:32:08: 2025-10-28T11:32:08: 2025-10-28T11:32:08: 
> my-v0-project@0.1.0 start
> next start -p 3022

2025-10-28T11:32:09: 2025-10-28T11:32:09: 2025-10-28T11:32:09: 2025-10-28T11:32:09: 
> my-v0-project@0.1.0 start
> next start -p 3022

2025-10-28T11:32:09: 2025-10-28T11:32:09: 2025-10-28T11:32:09: 
> my-v0-project@0.1.0 start
> next start -p 3022

2025-10-28T11:32:09: 2025-10-28T11:32:09: 2025-10-28T11:32:09: 2025-10-28T11:32:10: 
> my-v0-project@0.1.0 start
> next start -p 3022

2025-10-28T11:32:10: 2025-10-28T11:32:10: 2025-10-28T11:32:10: 2025-10-28T11:32:10: 
> my-v0-project@0.1.0 start
> next start -p 3022

2025-10-28T11:32:10: 2025-10-28T11:32:10: 2025-10-28T11:32:10: 2025-10-28T11:32:10: 
> my-v0-project@0.1.0 start
> next start -p 3022

2025-10-28T11:32:11: 2025-10-28T11:32:11: 2025-10-28T11:32:11: 2025-10-28T11:32:11: 
> my-v0-project@0.1.0 start
> next start -p 3022

2025-10-28T11:32:11: 2025-10-28T11:32:11: 2025-10-28T11:32:11: 2025-10-28T11:32:11: 
> my-v0-project@0.1.0 start
> next start -p 3022

2025-10-28T11:32:11: 2025-10-28T11:32:11: 2025-10-28T11:32:11: 2025-10-28T11:32:12: 
> my-v0-project@0.1.0 start
> next start -p 3022

2025-10-28T11:32:12: 2025-10-28T11:32:12: 2025-10-28T11:32:12: 2025-10-28T11:32:12: 
> my-v0-project@0.1.0 start
> next start -p 3022

2025-10-28T11:32:12: 2025-10-28T11:32:12: 2025-10-28T11:32:12: 2025-10-28T11:32:12: 
> my-v0-project@0.1.0 start
> next start -p 3022

2025-10-28T11:32:13: 2025-10-28T11:32:13: 2025-10-28T11:32:13: 2025-10-28T11:32:13: 
> my-v0-project@0.1.0 start
> next start -p 3022

2025-10-28T11:32:13: 2025-10-28T11:32:13: 2025-10-28T11:32:13: 2025-10-28T11:38:06: 
> my-v0-project@0.1.0 start
> next start -p 3022

2025-10-28T11:38:07: 2025-10-28T11:38:07: 2025-10-28T11:38:07: 2025-10-28T11:38:07: 
> my-v0-project@0.1.0 start
> next start -p 3022

2025-10-28T11:38:07: 2025-10-28T11:38:07: 2025-10-28T11:38:07: 2025-10-28T11:38:07: 
> my-v0-project@0.1.0 start
> next start -p 3022

2025-10-28T11:38:07: 2025-10-28T11:38:07: 2025-10-28T11:38:07: 2025-10-28T11:38:08: 
> my-v0-project@0.1.0 start
> next start -p 3022

2025-10-28T11:38:08: 2025-10-28T11:38:08: 2025-10-28T11:38:08: 
> my-v0-project@0.1.0 start
> next start -p 3022

2025-10-28T11:38:08: 2025-10-28T11:38:08: 2025-10-28T11:38:08: 2025-10-28T11:38:09: 
> my-v0-project@0.1.0 start
> next start -p 3022

2025-10-28T11:38:09: 2025-10-28T11:38:09: 2025-10-28T11:38:09: 2025-10-28T11:38:09: 
> my-v0-project@0.1.0 start
> next start -p 3022

2025-10-28T11:38:09: 2025-10-28T11:38:09: 2025-10-28T11:38:09: 2025-10-28T11:38:09: 
> my-v0-project@0.1.0 start
> next start -p 3022

2025-10-28T11:38:10: 2025-10-28T11:38:10: 2025-10-28T11:38:10: 2025-10-28T11:38:10: 
> my-v0-project@0.1.0 start
> next start -p 3022

2025-10-28T11:38:10: 2025-10-28T11:38:10: 2025-10-28T11:38:10: 2025-10-28T11:38:10: 
> my-v0-project@0.1.0 start
> next start -p 3022

2025-10-28T11:38:10: 2025-10-28T11:38:10: 2025-10-28T11:38:10: 2025-10-28T11:38:11: 
> my-v0-project@0.1.0 start
> next start -p 3022

2025-10-28T11:38:11: 2025-10-28T11:38:11: 2025-10-28T11:38:11: 2025-10-28T11:38:11: 
> my-v0-project@0.1.0 start
> next start -p 3022

2025-10-28T11:38:11: 2025-10-28T11:38:11: 2025-10-28T11:38:11: 2025-10-28T11:38:11: 
> my-v0-project@0.1.0 start
> next start -p 3022

2025-10-28T11:38:12: 2025-10-28T11:38:12: 2025-10-28T11:38:12: 2025-10-28T11:38:12: 
> my-v0-project@0.1.0 start
> next start -p 3022

2025-10-28T11:38:12: 2025-10-28T11:38:12: 2025-10-28T11:38:12: 2025-10-28T11:38:12: 
> my-v0-project@0.1.0 start
> next start -p 3022

2025-10-28T11:38:12: 2025-10-28T11:38:12: 2025-10-28T11:38:12: 2025-10-28T11:38:13: 
> my-v0-project@0.1.0 start
> next start -p 3022

2025-10-28T11:38:13: 2025-10-28T11:38:13: 2025-10-28T11:38:13: 2025-10-28T11:38:36: 
> my-v0-project@0.1.0 start
> next start -p 3022

2025-10-28T11:39:43: 2025-10-28T11:39:43: 2025-10-28T11:39:43: 2025-10-28T11:43:13: 
> my-v0-project@0.1.0 start
> next start -p 3022

2025-10-28T11:43:13: 2025-10-28T11:43:13: 2025-10-28T11:43:13: 2025-10-28T11:43:13: 
> my-v0-project@0.1.0 start
> next start -p 3022

2025-10-28T11:43:13: 2025-10-28T11:43:13: 2025-10-28T11:43:13: 2025-10-28T11:43:14: 
> my-v0-project@0.1.0 start
> next start -p 3022

2025-10-28T11:43:14: 2025-10-28T11:43:14: 2025-10-28T11:43:14: 2025-10-28T11:43:14: 
> my-v0-project@0.1.0 start
> next start -p 3022

2025-10-28T11:43:14: 2025-10-28T11:43:14: 2025-10-28T11:43:14: 2025-10-28T11:43:15: 
> my-v0-project@0.1.0 start
> next start -p 3022

2025-10-28T11:43:15: 2025-10-28T11:43:15: 2025-10-28T11:43:15: 2025-10-28T11:43:15: 
> my-v0-project@0.1.0 start
> next start -p 3022

2025-10-28T11:43:16: 2025-10-28T11:43:16: 2025-10-28T11:43:16: 2025-10-28T11:43:16: 
> my-v0-project@0.1.0 start
> next start -p 3022

2025-10-28T11:43:16: 2025-10-28T11:43:16: 2025-10-28T11:43:16: 2025-10-28T11:43:16: 
> my-v0-project@0.1.0 start
> next start -p 3022

2025-10-28T11:43:16: 2025-10-28T11:43:16: 2025-10-28T11:43:16: 2025-10-28T11:43:17: 
> my-v0-project@0.1.0 start
> next start -p 3022

2025-10-28T11:43:17: 2025-10-28T11:43:17: 2025-10-28T11:43:17: 2025-10-28T11:43:17: 
> my-v0-project@0.1.0 start
> next start -p 3022

2025-10-28T11:43:17: 2025-10-28T11:43:17: 2025-10-28T11:43:17: 2025-10-28T11:43:18: 
> my-v0-project@0.1.0 start
> next start -p 3022

2025-10-28T11:43:18: 2025-10-28T11:43:18: 2025-10-28T11:43:18: 2025-10-28T11:43:18: 
> my-v0-project@0.1.0 start
> next start -p 3022

2025-10-28T11:43:18: 2025-10-28T11:43:18: 2025-10-28T11:43:18: 2025-10-28T11:43:19: 
> my-v0-project@0.1.0 start
> next start -p 3022

2025-10-28T11:43:19: 2025-10-28T11:43:19: 2025-10-28T11:43:19: 2025-10-28T11:43:19: 
> my-v0-project@0.1.0 start
> next start -p 3022

2025-10-28T11:43:19: 2025-10-28T11:43:19: 2025-10-28T11:43:19: 2025-10-28T11:43:20: 
> my-v0-project@0.1.0 start
> next start -p 3022

2025-10-28T11:43:20: 2025-10-28T11:43:20: 2025-10-28T11:43:20: 2025-10-28T11:43:20: 
> my-v0-project@0.1.0 start
> next start -p 3022

2025-10-28T11:43:20: 2025-10-28T11:43:20: 2025-10-28T11:43:20: 2025-10-28T11:55:59: 
> my-v0-project@0.1.0 start
> next start -p 3022

2025-10-28T11:55:59: 2025-10-28T11:55:59: 2025-10-28T11:55:59: 2025-10-28T11:55:59: 
> my-v0-project@0.1.0 start
> next start -p 3022

2025-10-28T11:56:00: 2025-10-28T11:56:00: 2025-10-28T11:56:00: 2025-10-28T11:56:00: 
> my-v0-project@0.1.0 start
> next start -p 3022

2025-10-28T11:56:00: 2025-10-28T11:56:00: 2025-10-28T11:56:00: 2025-10-28T11:56:00: 
> my-v0-project@0.1.0 start
> next start -p 3022

2025-10-28T11:56:00: 2025-10-28T11:56:00: 2025-10-28T11:56:00: 2025-10-28T11:56:01: 
> my-v0-project@0.1.0 start
> next start -p 3022

2025-10-28T11:56:01: 2025-10-28T11:56:01: 2025-10-28T11:56:01: 2025-10-28T11:56:01: 
> my-v0-project@0.1.0 start
> next start -p 3022

2025-10-28T11:56:02: 2025-10-28T11:56:02: 2025-10-28T11:56:02: 2025-10-28T11:56:02: 
> my-v0-project@0.1.0 start
> next start -p 3022

2025-10-28T11:56:02: 2025-10-28T11:56:02: 2025-10-28T11:56:02: 2025-10-28T11:56:02: 
> my-v0-project@0.1.0 start
> next start -p 3022

2025-10-28T11:56:03: 2025-10-28T11:56:03: 2025-10-28T11:56:03: 2025-10-28T11:56:03: 
> my-v0-project@0.1.0 start
> next start -p 3022

2025-10-28T11:56:03: 2025-10-28T11:56:03: 2025-10-28T11:56:03: 2025-10-28T11:56:03: 
> my-v0-project@0.1.0 start
> next start -p 3022

2025-10-28T11:56:04: 2025-10-28T11:56:04: 2025-10-28T11:56:04: 2025-10-28T11:56:04: 
> my-v0-project@0.1.0 start
> next start -p 3022

2025-10-28T11:56:04: 2025-10-28T11:56:04: 2025-10-28T11:56:04: 2025-10-28T11:56:04: 
> my-v0-project@0.1.0 start
> next start -p 3022

2025-10-28T11:56:04: 2025-10-28T11:56:04: 2025-10-28T11:56:04: 2025-10-28T11:56:05: 
> my-v0-project@0.1.0 start
> next start -p 3022

2025-10-28T11:56:05: 2025-10-28T11:56:05: 2025-10-28T11:56:05: 2025-10-28T11:56:05: 
> my-v0-project@0.1.0 start
> next start -p 3022

2025-10-28T11:56:05: 2025-10-28T11:56:05: 2025-10-28T11:56:05: 2025-10-28T11:56:06: 
> my-v0-project@0.1.0 start
> next start -p 3022

2025-10-28T11:56:06: 2025-10-28T11:56:06: 2025-10-28T11:56:06: 2025-10-28T11:56:06: 
> my-v0-project@0.1.0 start
> next start -p 3022

2025-10-28T11:56:06: 2025-10-28T11:56:06: 2025-10-28T11:56:06: 2025-10-28T12:02:45: 
> my-v0-project@0.1.0 start
> next start -p 3022

2025-10-28T12:02:46: 2025-10-28T12:02:46: 2025-10-28T12:02:46: 
> my-v0-project@0.1.0 start
> next start -p 3022

2025-10-28T12:02:46: 2025-10-28T12:02:46: 2025-10-28T12:02:46: 2025-10-28T12:02:46: 
> my-v0-project@0.1.0 start
> next start -p 3022

2025-10-28T12:02:47: 2025-10-28T12:02:47: 2025-10-28T12:02:47: 2025-10-28T12:02:47: 
> my-v0-project@0.1.0 start
> next start -p 3022

2025-10-28T12:02:47: 2025-10-28T12:02:47: 2025-10-28T12:02:47: 
> my-v0-project@0.1.0 start
> next start -p 3022

2025-10-28T12:02:48: 2025-10-28T12:02:48: 2025-10-28T12:02:48: 2025-10-28T12:02:48: 
> my-v0-project@0.1.0 start
> next start -p 3022

2025-10-28T12:02:48: 2025-10-28T12:02:48: 2025-10-28T12:02:48: 2025-10-28T12:02:48: 
> my-v0-project@0.1.0 start
> next start -p 3022

2025-10-28T12:02:48: 2025-10-28T12:02:48: 2025-10-28T12:02:48: 2025-10-28T12:02:49: 
> my-v0-project@0.1.0 start
> next start -p 3022

2025-10-28T12:02:49: 2025-10-28T12:02:49: 2025-10-28T12:02:49: 
> my-v0-project@0.1.0 start
> next start -p 3022

2025-10-28T12:02:49: 2025-10-28T12:02:49: 2025-10-28T12:02:49: 2025-10-28T12:02:50: 
> my-v0-project@0.1.0 start
> next start -p 3022

2025-10-28T12:02:50: 2025-10-28T12:02:50: 2025-10-28T12:02:50: 2025-10-28T12:02:50: 
> my-v0-project@0.1.0 start
> next start -p 3022

2025-10-28T12:02:50: 2025-10-28T12:02:50: 2025-10-28T12:02:50: 2025-10-28T12:02:51: 
> my-v0-project@0.1.0 start
> next start -p 3022

2025-10-28T12:02:51: 2025-10-28T12:02:51: 2025-10-28T12:02:51: 2025-10-28T12:02:51: 
> my-v0-project@0.1.0 start
> next start -p 3022

2025-10-28T12:02:51: 2025-10-28T12:02:51: 2025-10-28T12:02:51: 2025-10-28T12:02:52: 
> my-v0-project@0.1.0 start
> next start -p 3022

2025-10-28T12:02:52: 2025-10-28T12:02:52: 2025-10-28T12:02:52: 2025-10-28T12:02:52: 
> my-v0-project@0.1.0 start
> next start -p 3022

2025-10-28T12:02:52: 2025-10-28T12:02:52: 2025-10-28T12:02:52: 2025-10-28T12:02:53: 
> my-v0-project@0.1.0 start
> next start -p 3022

2025-10-28T12:02:53: 2025-10-28T12:02:53: 2025-10-28T12:02:53: 