2025-10-28T12:04:38: 
> my-v0-project@0.1.0 start
> next start -p 3022

2025-10-28T12:04:38: 2025-10-28T12:04:39: 
> my-v0-project@0.1.0 start
> next start -p 3022

2025-10-28T12:04:39: 2025-10-28T12:04:39: 
> my-v0-project@0.1.0 start
> next start -p 3022

2025-10-28T12:04:39: 2025-10-28T12:04:40: 
> my-v0-project@0.1.0 start
> next start -p 3022

2025-10-28T12:04:40: 2025-10-28T12:04:40: 
> my-v0-project@0.1.0 start
> next start -p 3022

2025-10-28T12:04:40: 2025-10-28T12:04:40: 
> my-v0-project@0.1.0 start
> next start -p 3022

2025-10-28T12:04:41: 2025-10-28T12:04:41: 
> my-v0-project@0.1.0 start
> next start -p 3022

2025-10-28T12:04:41: 2025-10-28T12:04:41: 
> my-v0-project@0.1.0 start
> next start -p 3022

2025-10-28T12:04:42: 2025-10-28T12:04:42: 
> my-v0-project@0.1.0 start
> next start -p 3022

2025-10-28T12:04:42: 2025-10-28T12:04:42: 
> my-v0-project@0.1.0 start
> next start -p 3022

2025-10-28T12:04:42: 2025-10-28T12:04:43: 
> my-v0-project@0.1.0 start
> next start -p 3022

2025-10-28T12:04:43: 2025-10-28T12:04:43: 2025-10-28T12:04:43: 
> my-v0-project@0.1.0 start
> next start -p 3022

2025-10-28T12:04:43: 2025-10-28T12:04:43: 
> my-v0-project@0.1.0 start
> next start -p 3022

2025-10-28T12:04:44: 2025-10-28T12:04:44: 
> my-v0-project@0.1.0 start
> next start -p 3022

2025-10-28T12:04:44: 2025-10-28T12:04:44: 
> my-v0-project@0.1.0 start
> next start -p 3022

2025-10-28T12:04:45: 2025-10-28T12:04:45: 
> my-v0-project@0.1.0 start
> next start -p 3022

2025-10-28T12:04:45: 2025-10-28T12:04:56: 
> my-v0-project@0.1.0 start
> next start -p 3022

2025-10-28T12:04:57: 2025-10-28T12:04:57: 
> my-v0-project@0.1.0 start
> next start -p 3022

2025-10-28T12:04:58: 2025-10-28T12:04:59: 
> my-v0-project@0.1.0 start
> next start -p 3022

2025-10-28T12:04:59: 2025-10-28T12:04:59: 
> my-v0-project@0.1.0 start
> next start -p 3022

2025-10-28T12:05:00: 2025-10-28T12:05:01: 
> my-v0-project@0.1.0 start
> next start -p 3022

2025-10-28T12:05:02: 2025-10-28T12:05:02: 
> my-v0-project@0.1.0 start
> next start -p 3022

2025-10-28T12:05:03: 2025-10-28T12:05:03: 
> my-v0-project@0.1.0 start
> next start -p 3022

2025-10-28T12:05:04: 2025-10-28T12:05:04: 
> my-v0-project@0.1.0 start
> next start -p 3022

2025-10-28T12:05:05: 2025-10-28T12:05:05: 
> my-v0-project@0.1.0 start
> next start -p 3022

2025-10-28T12:05:05: 2025-10-28T12:05:05: 
> my-v0-project@0.1.0 start
> next start -p 3022

2025-10-28T12:05:06: 2025-10-28T12:05:06: 
> my-v0-project@0.1.0 start
> next start -p 3022

2025-10-28T12:05:06: 2025-10-28T12:05:06: 
> my-v0-project@0.1.0 start
> next start -p 3022

2025-10-28T12:05:06: 2025-10-28T12:05:07: 
> my-v0-project@0.1.0 start
> next start -p 3022

2025-10-28T12:05:07: 2025-10-28T12:05:07: 
> my-v0-project@0.1.0 start
> next start -p 3022

2025-10-28T12:05:07: 2025-10-28T12:05:07: 
> my-v0-project@0.1.0 start
> next start -p 3022

2025-10-28T12:05:08: 2025-10-28T12:05:08: 
> my-v0-project@0.1.0 start
> next start -p 3022

2025-10-28T12:05:08: 2025-10-28T12:05:08: 
> my-v0-project@0.1.0 start
> next start -p 3022

2025-10-28T12:05:08: 2025-10-28T12:05:09: 
> my-v0-project@0.1.0 start
> next start -p 3022

2025-10-28T12:05:09: 2025-10-28T12:05:09: 
> my-v0-project@0.1.0 start
> next start -p 3022

2025-10-28T12:05:09: 2025-10-28T12:05:10: 
> my-v0-project@0.1.0 start
> next start -p 3022

2025-10-28T12:05:10: 2025-10-28T12:05:10: 2025-10-28T12:05:10: 
> my-v0-project@0.1.0 start
> next start -p 3022

2025-10-28T12:05:10: 