2025-09-30T08:13:56: 
> my-v0-project@0.1.0 start
> next start -p 3022

2025-09-30T08:13:56: 2025-09-30T08:13:56: 2025-09-30T08:13:57: 
> my-v0-project@0.1.0 start
> next start -p 3022

2025-09-30T08:13:57: 2025-09-30T08:13:57: 
> my-v0-project@0.1.0 start
> next start -p 3022

2025-09-30T08:13:57: 2025-09-30T08:13:57: 
> my-v0-project@0.1.0 start
> next start -p 3022

2025-09-30T08:13:57: 2025-09-30T08:13:58: 
> my-v0-project@0.1.0 start
> next start -p 3022

2025-09-30T08:13:58: 2025-09-30T08:13:58: 
> my-v0-project@0.1.0 start
> next start -p 3022

2025-09-30T08:13:58: 2025-09-30T08:13:58: 2025-09-30T08:13:58: 
> my-v0-project@0.1.0 start
> next start -p 3022

2025-09-30T08:13:59: 2025-09-30T08:13:59: 2025-09-30T08:13:59: 
> my-v0-project@0.1.0 start
> next start -p 3022

2025-09-30T08:13:59: 2025-09-30T08:13:59: 
> my-v0-project@0.1.0 start
> next start -p 3022

2025-09-30T08:13:59: 2025-09-30T08:13:59: 2025-09-30T08:13:59: 
> my-v0-project@0.1.0 start
> next start -p 3022

2025-09-30T08:14:00: 2025-09-30T08:14:00: 
> my-v0-project@0.1.0 start
> next start -p 3022

2025-09-30T08:14:00: 2025-09-30T08:14:00: 
> my-v0-project@0.1.0 start
> next start -p 3022

2025-09-30T08:14:00: 2025-09-30T08:14:01: 
> my-v0-project@0.1.0 start
> next start -p 3022

2025-09-30T08:14:01: 2025-09-30T08:14:01: 
> my-v0-project@0.1.0 start
> next start -p 3022

2025-09-30T08:14:01: 2025-09-30T08:14:01: 
> my-v0-project@0.1.0 start
> next start -p 3022

2025-09-30T08:14:02: 2025-09-30T08:14:02: 
> my-v0-project@0.1.0 start
> next start -p 3022

2025-09-30T08:14:02: 