2025-10-25T10:49:09: 
> my-v0-project@0.1.0 start
> next start -p 3022

2025-10-25T10:52:37: 2025-10-25T10:52:37: 
> my-v0-project@0.1.0 start
> next start -p 3022

2025-10-25T10:55:40: 2025-10-25T10:55:40: 
> my-v0-project@0.1.0 start
> next start -p 3022

2025-10-25T11:00:14: 2025-10-25T11:00:14: 
> my-v0-project@0.1.0 start
> next start -p 3022

2025-10-25T11:09:03: 2025-10-25T11:09:03: 
> my-v0-project@0.1.0 start
> next start -p 3022

2025-10-25T11:26:47: 2025-10-25T11:26:47: 
> my-v0-project@0.1.0 start
> next start -p 3022

2025-10-25T11:35:12: 2025-10-25T11:35:12: 
> my-v0-project@0.1.0 start
> next start -p 3022

2025-10-25T11:40:19: 2025-10-25T11:40:20: 
> my-v0-project@0.1.0 start
> next start -p 3022

2025-10-25T11:43:56: 2025-10-25T11:43:56: 
> my-v0-project@0.1.0 start
> next start -p 3022

2025-10-25T11:48:24: 2025-10-25T11:48:24: 
> my-v0-project@0.1.0 start
> next start -p 3022

2025-10-25T11:59:32: 2025-10-25T11:59:32: 2025-10-25T11:59:33: 
> my-v0-project@0.1.0 start
> next start -p 3022

2025-10-25T12:08:35: 2025-10-25T12:08:36: 
> my-v0-project@0.1.0 start
> next start -p 3022

2025-10-25T12:16:18: 2025-10-25T12:16:18: 
> my-v0-project@0.1.0 start
> next start -p 3022

2025-10-25T12:29:03: 2025-10-25T12:29:03: 2025-10-25T12:29:04: 
> my-v0-project@0.1.0 start
> next start -p 3022

2025-10-25T12:38:01: 2025-10-25T12:38:01: 2025-10-25T12:38:02: 
> my-v0-project@0.1.0 start
> next start -p 3022

2025-10-25T12:55:17: 2025-10-25T12:55:17: 
> my-v0-project@0.1.0 start
> next start -p 3022

2025-10-25T13:13:40: 2025-10-25T13:13:41: 
> my-v0-project@0.1.0 start
> next start -p 3022

2025-10-25T13:24:28: 2025-10-25T13:24:29: 
> my-v0-project@0.1.0 start
> next start -p 3022

2025-10-25T13:29:35: 2025-10-25T13:29:35: 
> my-v0-project@0.1.0 start
> next start -p 3022

2025-10-25T13:32:48: 2025-10-25T13:32:48: 2025-10-25T13:32:48: 
> my-v0-project@0.1.0 start
> next start -p 3022

2025-10-25T13:36:28: 2025-10-25T13:36:29: 
> my-v0-project@0.1.0 start
> next start -p 3022

2025-10-25T13:43:43: 2025-10-25T13:43:43: 
> my-v0-project@0.1.0 start
> next start -p 3022

2025-10-25T13:55:54: 2025-10-25T13:55:54: 
> my-v0-project@0.1.0 start
> next start -p 3022

2025-10-25T14:18:16: 2025-10-25T14:18:16: 
> my-v0-project@0.1.0 start
> next start -p 3022

2025-10-25T14:24:34: 
> my-v0-project@0.1.0 start
> next start -p 3022

2025-10-25T14:32:18: 2025-10-25T14:32:18: 
> my-v0-project@0.1.0 start
> next start -p 3022

2025-10-25T14:43:33: 2025-10-25T14:43:33: 2025-10-25T14:43:33: 
> my-v0-project@0.1.0 start
> next start -p 3022

2025-10-25T14:48:04: 2025-10-25T14:48:04: 
> my-v0-project@0.1.0 start
> next start -p 3022

2025-10-26T08:43:27: 2025-10-26T08:43:28: 
> my-v0-project@0.1.0 start
> next start -p 3022

2025-10-26T09:22:13: 2025-10-26T09:22:13: 
> my-v0-project@0.1.0 start
> next start -p 3022

2025-10-26T11:54:57: 2025-10-26T11:54:58: 
> my-v0-project@0.1.0 start
> next start -p 3022

2025-10-26T12:31:33: 
> my-v0-project@0.1.0 start
> next start -p 3022

2025-10-26T13:52:32: 2025-10-26T13:52:32: 2025-10-26T13:52:32: 
> my-v0-project@0.1.0 start
> next start -p 3022

2025-10-26T18:42:30: 2025-10-26T18:42:31: 
> my-v0-project@0.1.0 start
> next start -p 3022

2025-10-26T18:46:54: 2025-10-26T18:46:54: 
> my-v0-project@0.1.0 start
> next start -p 3022

2025-10-26T19:11:34: 2025-10-26T19:11:34: 
> my-v0-project@0.1.0 start
> next start -p 3022

2025-10-26T19:26:46: 2025-10-26T19:26:47: 
> my-v0-project@0.1.0 start
> next start -p 3022

2025-10-27T04:10:37: 2025-10-27T04:10:37: 
> my-v0-project@0.1.0 start
> next start -p 3022

2025-10-27T04:14:11: 2025-10-27T04:14:11: 2025-10-27T04:14:12: 
> my-v0-project@0.1.0 start
> next start -p 3022

2025-10-27T04:16:56: 2025-10-27T04:16:56: 
> my-v0-project@0.1.0 start
> next start -p 3022

2025-10-27T04:18:35: 2025-10-27T04:18:35: 
> my-v0-project@0.1.0 start
> next start -p 3022

2025-10-27T04:20:55: 2025-10-27T04:20:55: 2025-10-27T04:20:55: 
> my-v0-project@0.1.0 start
> next start -p 3022

2025-10-27T04:26:56: 2025-10-27T04:26:56: 
> my-v0-project@0.1.0 start
> next start -p 3022

2025-10-27T04:28:21: 2025-10-27T04:28:21: 2025-10-27T04:28:22: 
> my-v0-project@0.1.0 start
> next start -p 3022

2025-10-27T04:36:34: 2025-10-27T04:36:34: 2025-10-27T04:36:35: 
> my-v0-project@0.1.0 start
> next start -p 3022

2025-10-27T04:48:29: 2025-10-27T04:48:29: 
> my-v0-project@0.1.0 start
> next start -p 3022

2025-10-27T04:52:11: 2025-10-27T04:52:11: 
> my-v0-project@0.1.0 start
> next start -p 3022

2025-10-27T05:27:14: 2025-10-27T05:27:14: 2025-10-27T05:27:14: 
> my-v0-project@0.1.0 start
> next start -p 3022

2025-10-27T06:16:35: 2025-10-27T06:16:35: 
> my-v0-project@0.1.0 start
> next start -p 3022

2025-10-27T07:14:55: 2025-10-27T07:14:56: 
> my-v0-project@0.1.0 start
> next start -p 3022

2025-10-27T07:21:38: 2025-10-27T07:21:38: 2025-10-27T07:21:38: 
> my-v0-project@0.1.0 start
> next start -p 3022

2025-10-27T09:09:36: 2025-10-27T09:09:36: 
> my-v0-project@0.1.0 start
> next start -p 3022

2025-10-27T09:15:46: 2025-10-27T09:15:46: 2025-10-27T09:15:46: 
> my-v0-project@0.1.0 start
> next start -p 3022

2025-10-27T09:15:55: 2025-10-27T09:15:56: 
> my-v0-project@0.1.0 start
> next start -p 3022

2025-10-27T10:12:50: 2025-10-27T10:12:50: 
> my-v0-project@0.1.0 start
> next start -p 3022

2025-10-27T10:44:23: 