2025-10-28T12:07:34: 
> my-v0-project@0.1.0 start
> next start -p 3022

2025-10-28T12:07:34: 2025-10-28T12:07:35: 
> my-v0-project@0.1.0 start
> next start -p 3022

2025-10-28T12:07:35: 2025-10-28T12:07:35: 
> my-v0-project@0.1.0 start
> next start -p 3022

2025-10-28T12:07:35: 2025-10-28T12:07:35: 
> my-v0-project@0.1.0 start
> next start -p 3022

2025-10-28T12:07:36: 2025-10-28T12:07:36: 2025-10-28T12:07:36: 
> my-v0-project@0.1.0 start
> next start -p 3022

2025-10-28T12:07:36: 2025-10-28T12:07:36: 
> my-v0-project@0.1.0 start
> next start -p 3022

2025-10-28T12:07:36: 2025-10-28T12:07:37: 
> my-v0-project@0.1.0 start
> next start -p 3022

2025-10-28T12:07:37: 2025-10-28T12:07:37: 
> my-v0-project@0.1.0 start
> next start -p 3022

2025-10-28T12:07:37: 2025-10-28T12:07:37: 
> my-v0-project@0.1.0 start
> next start -p 3022

2025-10-28T12:07:38: 2025-10-28T12:07:38: 
> my-v0-project@0.1.0 start
> next start -p 3022

2025-10-28T12:07:38: 2025-10-28T12:07:38: 
> my-v0-project@0.1.0 start
> next start -p 3022

2025-10-28T12:07:38: 2025-10-28T12:07:39: 
> my-v0-project@0.1.0 start
> next start -p 3022

2025-10-28T12:07:39: 2025-10-28T12:07:39: 
> my-v0-project@0.1.0 start
> next start -p 3022

2025-10-28T12:07:39: 2025-10-28T12:07:39: 
> my-v0-project@0.1.0 start
> next start -p 3022

2025-10-28T12:07:40: 2025-10-28T12:07:40: 
> my-v0-project@0.1.0 start
> next start -p 3022

2025-10-28T12:07:40: 2025-10-28T12:07:40: 
> my-v0-project@0.1.0 start
> next start -p 3022

2025-10-28T12:07:40: 2025-10-28T12:09:51: 
> my-v0-project@0.1.0 start
> next start -p 3022

2025-10-28T12:09:51: 2025-10-28T12:09:51: 
> my-v0-project@0.1.0 start
> next start -p 3022

2025-10-28T12:09:52: 2025-10-28T12:09:52: 
> my-v0-project@0.1.0 start
> next start -p 3022

2025-10-28T12:09:52: 2025-10-28T12:09:52: 
> my-v0-project@0.1.0 start
> next start -p 3022

2025-10-28T12:09:53: 2025-10-28T12:09:53: 
> my-v0-project@0.1.0 start
> next start -p 3022

2025-10-28T12:09:53: 2025-10-28T12:09:53: 
> my-v0-project@0.1.0 start
> next start -p 3022

2025-10-28T12:09:53: 2025-10-28T12:09:53: 
> my-v0-project@0.1.0 start
> next start -p 3022

2025-10-28T12:09:54: 2025-10-28T12:09:54: 
> my-v0-project@0.1.0 start
> next start -p 3022

2025-10-28T12:09:54: 2025-10-28T12:09:54: 
> my-v0-project@0.1.0 start
> next start -p 3022

2025-10-28T12:09:55: 2025-10-28T12:09:55: 
> my-v0-project@0.1.0 start
> next start -p 3022

2025-10-28T12:09:55: 2025-10-28T12:09:55: 
> my-v0-project@0.1.0 start
> next start -p 3022

2025-10-28T12:09:55: 2025-10-28T12:09:56: 
> my-v0-project@0.1.0 start
> next start -p 3022

2025-10-28T12:09:56: 2025-10-28T12:09:56: 
> my-v0-project@0.1.0 start
> next start -p 3022

2025-10-28T12:09:56: 2025-10-28T12:09:56: 
> my-v0-project@0.1.0 start
> next start -p 3022

2025-10-28T12:09:57: 2025-10-28T12:09:57: 
> my-v0-project@0.1.0 start
> next start -p 3022

2025-10-28T12:09:57: 2025-10-28T12:09:57: 2025-10-28T12:09:57: 
> my-v0-project@0.1.0 start
> next start -p 3022

2025-10-28T12:09:57: 2025-10-28T12:11:43: 
> my-v0-project@0.1.0 start
> next start -p 3022

2025-10-28T12:11:43: 2025-10-28T12:11:43: 
> my-v0-project@0.1.0 start
> next start -p 3022

2025-10-28T12:11:44: 2025-10-28T12:11:44: 
> my-v0-project@0.1.0 start
> next start -p 3022

2025-10-28T12:11:44: 2025-10-28T12:11:44: 
> my-v0-project@0.1.0 start
> next start -p 3022

2025-10-28T12:11:44: 2025-10-28T12:11:45: 
> my-v0-project@0.1.0 start
> next start -p 3022

2025-10-28T12:11:45: 2025-10-28T12:11:45: 
> my-v0-project@0.1.0 start
> next start -p 3022

2025-10-28T12:11:45: 2025-10-28T12:11:45: 
> my-v0-project@0.1.0 start
> next start -p 3022

2025-10-28T12:11:46: 2025-10-28T12:11:46: 
> my-v0-project@0.1.0 start
> next start -p 3022

2025-10-28T12:11:46: 2025-10-28T12:11:46: 
> my-v0-project@0.1.0 start
> next start -p 3022

2025-10-28T12:11:46: 2025-10-28T12:11:47: 
> my-v0-project@0.1.0 start
> next start -p 3022

2025-10-28T12:11:47: 2025-10-28T12:11:47: 
> my-v0-project@0.1.0 start
> next start -p 3022

2025-10-28T12:11:47: 2025-10-28T12:11:47: 2025-10-28T12:11:47: 
> my-v0-project@0.1.0 start
> next start -p 3022

2025-10-28T12:11:48: 2025-10-28T12:11:48: 
> my-v0-project@0.1.0 start
> next start -p 3022

2025-10-28T12:11:48: 2025-10-28T12:11:48: 
> my-v0-project@0.1.0 start
> next start -p 3022

2025-10-28T12:11:48: 2025-10-28T12:11:49: 
> my-v0-project@0.1.0 start
> next start -p 3022

2025-10-28T12:11:49: 2025-10-28T12:11:49: 
> my-v0-project@0.1.0 start
> next start -p 3022

2025-10-28T12:11:49: 2025-10-28T12:11:49: 